<?xml version="1.0" encoding="UTF-8"?>
<testsuite xmlns:xsi="http://www.w3.org/2001/XMLSchema-instance" xsi:noNamespaceSchemaLocation="https://maven.apache.org/surefire/maven-surefire-plugin/xsd/surefire-test-report.xsd" name="com.iotmars.util.RsaUtilsTest" time="0.188" tests="3" errors="0" skipped="0" failures="0">
  <properties>
    <property name="sun.desktop" value="windows"/>
    <property name="awt.toolkit" value="sun.awt.windows.WToolkit"/>
    <property name="file.encoding.pkg" value="sun.io"/>
    <property name="java.specification.version" value="1.8"/>
    <property name="sun.cpu.isalist" value="amd64"/>
    <property name="sun.jnu.encoding" value="GBK"/>
    <property name="java.class.path" value="E:\_MCOOK\jwt_rsa\common\target\test-classes;E:\_MCOOK\jwt_rsa\common\target\classes;D:\m2\io\jsonwebtoken\jjwt-api\0.10.7\jjwt-api-0.10.7.jar;D:\m2\io\jsonwebtoken\jjwt-impl\0.10.7\jjwt-impl-0.10.7.jar;D:\m2\io\jsonwebtoken\jjwt-jackson\0.10.7\jjwt-jackson-0.10.7.jar;D:\m2\com\fasterxml\jackson\core\jackson-databind\2.9.9\jackson-databind-2.9.9.jar;D:\m2\com\fasterxml\jackson\core\jackson-annotations\2.10.2\jackson-annotations-2.10.2.jar;D:\m2\com\fasterxml\jackson\core\jackson-core\2.10.2\jackson-core-2.10.2.jar;D:\m2\org\springframework\boot\spring-boot-starter-logging\2.2.5.RELEASE\spring-boot-starter-logging-2.2.5.RELEASE.jar;D:\m2\ch\qos\logback\logback-classic\1.2.3\logback-classic-1.2.3.jar;D:\m2\ch\qos\logback\logback-core\1.2.3\logback-core-1.2.3.jar;D:\m2\org\slf4j\slf4j-api\1.7.30\slf4j-api-1.7.30.jar;D:\m2\org\apache\logging\log4j\log4j-to-slf4j\2.12.1\log4j-to-slf4j-2.12.1.jar;D:\m2\org\apache\logging\log4j\log4j-api\2.12.1\log4j-api-2.12.1.jar;D:\m2\org\slf4j\jul-to-slf4j\1.7.30\jul-to-slf4j-1.7.30.jar;D:\m2\joda-time\joda-time\2.10.5\joda-time-2.10.5.jar;D:\m2\org\projectlombok\lombok\1.18.12\lombok-1.18.12.jar;D:\m2\org\springframework\boot\spring-boot-starter-test\2.2.5.RELEASE\spring-boot-starter-test-2.2.5.RELEASE.jar;D:\m2\org\springframework\boot\spring-boot-starter\2.2.5.RELEASE\spring-boot-starter-2.2.5.RELEASE.jar;D:\m2\org\springframework\boot\spring-boot\2.2.5.RELEASE\spring-boot-2.2.5.RELEASE.jar;D:\m2\org\springframework\spring-context\5.2.4.RELEASE\spring-context-5.2.4.RELEASE.jar;D:\m2\org\springframework\spring-aop\5.2.4.RELEASE\spring-aop-5.2.4.RELEASE.jar;D:\m2\org\springframework\spring-beans\5.2.4.RELEASE\spring-beans-5.2.4.RELEASE.jar;D:\m2\org\springframework\spring-expression\5.2.4.RELEASE\spring-expression-5.2.4.RELEASE.jar;D:\m2\org\springframework\boot\spring-boot-autoconfigure\2.2.5.RELEASE\spring-boot-autoconfigure-2.2.5.RELEASE.jar;D:\m2\jakarta\annotation\jakarta.annotation-api\1.3.5\jakarta.annotation-api-1.3.5.jar;D:\m2\org\yaml\snakeyaml\1.25\snakeyaml-1.25.jar;D:\m2\org\springframework\boot\spring-boot-test\2.2.5.RELEASE\spring-boot-test-2.2.5.RELEASE.jar;D:\m2\org\springframework\boot\spring-boot-test-autoconfigure\2.2.5.RELEASE\spring-boot-test-autoconfigure-2.2.5.RELEASE.jar;D:\m2\com\jayway\jsonpath\json-path\2.4.0\json-path-2.4.0.jar;D:\m2\net\minidev\json-smart\2.3\json-smart-2.3.jar;D:\m2\net\minidev\accessors-smart\1.2\accessors-smart-1.2.jar;D:\m2\org\ow2\asm\asm\5.0.4\asm-5.0.4.jar;D:\m2\jakarta\xml\bind\jakarta.xml.bind-api\2.3.2\jakarta.xml.bind-api-2.3.2.jar;D:\m2\jakarta\activation\jakarta.activation-api\1.2.2\jakarta.activation-api-1.2.2.jar;D:\m2\org\junit\jupiter\junit-jupiter\5.5.2\junit-jupiter-5.5.2.jar;D:\m2\org\junit\jupiter\junit-jupiter-api\5.5.2\junit-jupiter-api-5.5.2.jar;D:\m2\org\opentest4j\opentest4j\1.2.0\opentest4j-1.2.0.jar;D:\m2\org\junit\platform\junit-platform-commons\1.5.2\junit-platform-commons-1.5.2.jar;D:\m2\org\junit\jupiter\junit-jupiter-params\5.5.2\junit-jupiter-params-5.5.2.jar;D:\m2\org\junit\jupiter\junit-jupiter-engine\5.5.2\junit-jupiter-engine-5.5.2.jar;D:\m2\org\junit\vintage\junit-vintage-engine\5.5.2\junit-vintage-engine-5.5.2.jar;D:\m2\org\apiguardian\apiguardian-api\1.1.0\apiguardian-api-1.1.0.jar;D:\m2\org\junit\platform\junit-platform-engine\1.5.2\junit-platform-engine-1.5.2.jar;D:\m2\junit\junit\4.12\junit-4.12.jar;D:\m2\org\mockito\mockito-junit-jupiter\3.1.0\mockito-junit-jupiter-3.1.0.jar;D:\m2\org\assertj\assertj-core\3.13.2\assertj-core-3.13.2.jar;D:\m2\org\hamcrest\hamcrest\2.1\hamcrest-2.1.jar;D:\m2\org\mockito\mockito-core\3.1.0\mockito-core-3.1.0.jar;D:\m2\net\bytebuddy\byte-buddy\1.10.8\byte-buddy-1.10.8.jar;D:\m2\net\bytebuddy\byte-buddy-agent\1.10.8\byte-buddy-agent-1.10.8.jar;D:\m2\org\objenesis\objenesis\2.6\objenesis-2.6.jar;D:\m2\org\skyscreamer\jsonassert\1.5.0\jsonassert-1.5.0.jar;D:\m2\com\vaadin\external\google\android-json\0.0.20131108.vaadin1\android-json-0.0.20131108.vaadin1.jar;D:\m2\org\springframework\spring-core\5.2.4.RELEASE\spring-core-5.2.4.RELEASE.jar;D:\m2\org\springframework\spring-jcl\5.2.4.RELEASE\spring-jcl-5.2.4.RELEASE.jar;D:\m2\org\springframework\spring-test\5.2.4.RELEASE\spring-test-5.2.4.RELEASE.jar;D:\m2\org\xmlunit\xmlunit-core\2.6.3\xmlunit-core-2.6.3.jar;"/>
    <property name="java.vm.vendor" value="Oracle Corporation"/>
    <property name="sun.arch.data.model" value="64"/>
    <property name="user.variant" value=""/>
    <property name="java.vendor.url" value="http://java.oracle.com/"/>
    <property name="user.timezone" value="Asia/Shanghai"/>
    <property name="java.vm.specification.version" value="1.8"/>
    <property name="os.name" value="Windows 10"/>
    <property name="user.country" value="CN"/>
    <property name="sun.java.launcher" value="SUN_STANDARD"/>
    <property name="sun.boot.library.path" value="C:\Program Files\Java\jdk1.8.0_201\jre\bin"/>
    <property name="sun.java.command" value="C:\Users\Administrator\AppData\Local\Temp\surefire5386824301010263689\surefirebooter2402069824134555445.jar C:\Users\Administrator\AppData\Local\Temp\surefire5386824301010263689 2020-11-27T13-47-33_337-jvmRun1 surefire1615306933300170906tmp surefire_06850648886783422568tmp"/>
    <property name="surefire.test.class.path" value="E:\_MCOOK\jwt_rsa\common\target\test-classes;E:\_MCOOK\jwt_rsa\common\target\classes;D:\m2\io\jsonwebtoken\jjwt-api\0.10.7\jjwt-api-0.10.7.jar;D:\m2\io\jsonwebtoken\jjwt-impl\0.10.7\jjwt-impl-0.10.7.jar;D:\m2\io\jsonwebtoken\jjwt-jackson\0.10.7\jjwt-jackson-0.10.7.jar;D:\m2\com\fasterxml\jackson\core\jackson-databind\2.9.9\jackson-databind-2.9.9.jar;D:\m2\com\fasterxml\jackson\core\jackson-annotations\2.10.2\jackson-annotations-2.10.2.jar;D:\m2\com\fasterxml\jackson\core\jackson-core\2.10.2\jackson-core-2.10.2.jar;D:\m2\org\springframework\boot\spring-boot-starter-logging\2.2.5.RELEASE\spring-boot-starter-logging-2.2.5.RELEASE.jar;D:\m2\ch\qos\logback\logback-classic\1.2.3\logback-classic-1.2.3.jar;D:\m2\ch\qos\logback\logback-core\1.2.3\logback-core-1.2.3.jar;D:\m2\org\slf4j\slf4j-api\1.7.30\slf4j-api-1.7.30.jar;D:\m2\org\apache\logging\log4j\log4j-to-slf4j\2.12.1\log4j-to-slf4j-2.12.1.jar;D:\m2\org\apache\logging\log4j\log4j-api\2.12.1\log4j-api-2.12.1.jar;D:\m2\org\slf4j\jul-to-slf4j\1.7.30\jul-to-slf4j-1.7.30.jar;D:\m2\joda-time\joda-time\2.10.5\joda-time-2.10.5.jar;D:\m2\org\projectlombok\lombok\1.18.12\lombok-1.18.12.jar;D:\m2\org\springframework\boot\spring-boot-starter-test\2.2.5.RELEASE\spring-boot-starter-test-2.2.5.RELEASE.jar;D:\m2\org\springframework\boot\spring-boot-starter\2.2.5.RELEASE\spring-boot-starter-2.2.5.RELEASE.jar;D:\m2\org\springframework\boot\spring-boot\2.2.5.RELEASE\spring-boot-2.2.5.RELEASE.jar;D:\m2\org\springframework\spring-context\5.2.4.RELEASE\spring-context-5.2.4.RELEASE.jar;D:\m2\org\springframework\spring-aop\5.2.4.RELEASE\spring-aop-5.2.4.RELEASE.jar;D:\m2\org\springframework\spring-beans\5.2.4.RELEASE\spring-beans-5.2.4.RELEASE.jar;D:\m2\org\springframework\spring-expression\5.2.4.RELEASE\spring-expression-5.2.4.RELEASE.jar;D:\m2\org\springframework\boot\spring-boot-autoconfigure\2.2.5.RELEASE\spring-boot-autoconfigure-2.2.5.RELEASE.jar;D:\m2\jakarta\annotation\jakarta.annotation-api\1.3.5\jakarta.annotation-api-1.3.5.jar;D:\m2\org\yaml\snakeyaml\1.25\snakeyaml-1.25.jar;D:\m2\org\springframework\boot\spring-boot-test\2.2.5.RELEASE\spring-boot-test-2.2.5.RELEASE.jar;D:\m2\org\springframework\boot\spring-boot-test-autoconfigure\2.2.5.RELEASE\spring-boot-test-autoconfigure-2.2.5.RELEASE.jar;D:\m2\com\jayway\jsonpath\json-path\2.4.0\json-path-2.4.0.jar;D:\m2\net\minidev\json-smart\2.3\json-smart-2.3.jar;D:\m2\net\minidev\accessors-smart\1.2\accessors-smart-1.2.jar;D:\m2\org\ow2\asm\asm\5.0.4\asm-5.0.4.jar;D:\m2\jakarta\xml\bind\jakarta.xml.bind-api\2.3.2\jakarta.xml.bind-api-2.3.2.jar;D:\m2\jakarta\activation\jakarta.activation-api\1.2.2\jakarta.activation-api-1.2.2.jar;D:\m2\org\junit\jupiter\junit-jupiter\5.5.2\junit-jupiter-5.5.2.jar;D:\m2\org\junit\jupiter\junit-jupiter-api\5.5.2\junit-jupiter-api-5.5.2.jar;D:\m2\org\opentest4j\opentest4j\1.2.0\opentest4j-1.2.0.jar;D:\m2\org\junit\platform\junit-platform-commons\1.5.2\junit-platform-commons-1.5.2.jar;D:\m2\org\junit\jupiter\junit-jupiter-params\5.5.2\junit-jupiter-params-5.5.2.jar;D:\m2\org\junit\jupiter\junit-jupiter-engine\5.5.2\junit-jupiter-engine-5.5.2.jar;D:\m2\org\junit\vintage\junit-vintage-engine\5.5.2\junit-vintage-engine-5.5.2.jar;D:\m2\org\apiguardian\apiguardian-api\1.1.0\apiguardian-api-1.1.0.jar;D:\m2\org\junit\platform\junit-platform-engine\1.5.2\junit-platform-engine-1.5.2.jar;D:\m2\junit\junit\4.12\junit-4.12.jar;D:\m2\org\mockito\mockito-junit-jupiter\3.1.0\mockito-junit-jupiter-3.1.0.jar;D:\m2\org\assertj\assertj-core\3.13.2\assertj-core-3.13.2.jar;D:\m2\org\hamcrest\hamcrest\2.1\hamcrest-2.1.jar;D:\m2\org\mockito\mockito-core\3.1.0\mockito-core-3.1.0.jar;D:\m2\net\bytebuddy\byte-buddy\1.10.8\byte-buddy-1.10.8.jar;D:\m2\net\bytebuddy\byte-buddy-agent\1.10.8\byte-buddy-agent-1.10.8.jar;D:\m2\org\objenesis\objenesis\2.6\objenesis-2.6.jar;D:\m2\org\skyscreamer\jsonassert\1.5.0\jsonassert-1.5.0.jar;D:\m2\com\vaadin\external\google\android-json\0.0.20131108.vaadin1\android-json-0.0.20131108.vaadin1.jar;D:\m2\org\springframework\spring-core\5.2.4.RELEASE\spring-core-5.2.4.RELEASE.jar;D:\m2\org\springframework\spring-jcl\5.2.4.RELEASE\spring-jcl-5.2.4.RELEASE.jar;D:\m2\org\springframework\spring-test\5.2.4.RELEASE\spring-test-5.2.4.RELEASE.jar;D:\m2\org\xmlunit\xmlunit-core\2.6.3\xmlunit-core-2.6.3.jar;"/>
    <property name="sun.cpu.endian" value="little"/>
    <property name="user.home" value="C:\Users\Administrator"/>
    <property name="user.language" value="zh"/>
    <property name="java.specification.vendor" value="Oracle Corporation"/>
    <property name="java.home" value="C:\Program Files\Java\jdk1.8.0_201\jre"/>
    <property name="basedir" value="E:\_MCOOK\jwt_rsa\common"/>
    <property name="file.separator" value="\"/>
    <property name="line.separator" value="&#10;"/>
    <property name="java.vm.specification.vendor" value="Oracle Corporation"/>
    <property name="java.specification.name" value="Java Platform API Specification"/>
    <property name="java.awt.graphicsenv" value="sun.awt.Win32GraphicsEnvironment"/>
    <property name="surefire.real.class.path" value="C:\Users\Administrator\AppData\Local\Temp\surefire5386824301010263689\surefirebooter2402069824134555445.jar"/>
    <property name="sun.boot.class.path" value="C:\Program Files\Java\jdk1.8.0_201\jre\lib\resources.jar;C:\Program Files\Java\jdk1.8.0_201\jre\lib\rt.jar;C:\Program Files\Java\jdk1.8.0_201\jre\lib\sunrsasign.jar;C:\Program Files\Java\jdk1.8.0_201\jre\lib\jsse.jar;C:\Program Files\Java\jdk1.8.0_201\jre\lib\jce.jar;C:\Program Files\Java\jdk1.8.0_201\jre\lib\charsets.jar;C:\Program Files\Java\jdk1.8.0_201\jre\lib\jfr.jar;C:\Program Files\Java\jdk1.8.0_201\jre\classes"/>
    <property name="user.script" value=""/>
    <property name="sun.management.compiler" value="HotSpot 64-Bit Tiered Compilers"/>
    <property name="java.runtime.version" value="1.8.0_201-b09"/>
    <property name="user.name" value="Administrator"/>
    <property name="path.separator" value=";"/>
    <property name="os.version" value="10.0"/>
    <property name="java.endorsed.dirs" value="C:\Program Files\Java\jdk1.8.0_201\jre\lib\endorsed"/>
    <property name="java.runtime.name" value="Java(TM) SE Runtime Environment"/>
    <property name="file.encoding" value="GBK"/>
    <property name="java.vm.name" value="Java HotSpot(TM) 64-Bit Server VM"/>
    <property name="localRepository" value="D:\m2"/>
    <property name="java.vendor.url.bug" value="http://bugreport.sun.com/bugreport/"/>
    <property name="java.io.tmpdir" value="C:\Users\Administrator\AppData\Local\Temp\"/>
    <property name="java.version" value="1.8.0_201"/>
    <property name="user.dir" value="E:\_MCOOK\jwt_rsa\common"/>
    <property name="os.arch" value="amd64"/>
    <property name="java.vm.specification.name" value="Java Virtual Machine Specification"/>
    <property name="java.awt.printerjob" value="sun.awt.windows.WPrinterJob"/>
    <property name="idea.version2019.3.1" value="true"/>
    <property name="sun.os.patch.level" value=""/>
    <property name="java.library.path" value="C:\Program Files\Java\jdk1.8.0_201\jre\bin;C:\Windows\Sun\Java\bin;C:\Windows\system32;C:\Windows;D:\Xftp\;C:\Program Files (x86)\NetSarang\Xshell 6\;C:\Program Files (x86)\Common Files\Oracle\Java\javapath;C:\Windows\system32;C:\Windows;C:\Windows\System32\Wbem;C:\Windows\System32\WindowsPowerShell\v1.0\;C:\Windows\System32\OpenSSH\;C:\Program Files\Java\jdk1.8.0_201\bin;C:\Program Files\Java\jdk1.8.0_201\jre\bin;C:\Program Files\Git\cmd;C:\Program Files\TortoiseSVN\bin;D:\curl-7.72.0-win64-mingw\bin;C:\Program Files\nodejs\;C:\Program Files\nodejs\node_global;E:\Hadoop\hadoop-2.8.2\bin;C:\Users\Administrator\AppData\Local\Microsoft\WindowsApps;C:\Users\Administrator\AppData\Roaming\npm;."/>
    <property name="java.vm.info" value="mixed mode"/>
    <property name="java.vendor" value="Oracle Corporation"/>
    <property name="java.vm.version" value="25.201-b09"/>
    <property name="java.ext.dirs" value="C:\Program Files\Java\jdk1.8.0_201\jre\lib\ext;C:\Windows\Sun\Java\lib\ext"/>
    <property name="sun.io.unicode.encoding" value="UnicodeLittle"/>
    <property name="maven.repo.local" value="D:\m2"/>
    <property name="java.class.version" value="52.0"/>
  </properties>
  <testcase name="generateKey" classname="com.iotmars.util.RsaUtilsTest" time="0.175"/>
  <testcase name="getPublicKey" classname="com.iotmars.util.RsaUtilsTest" time="0.008"/>
  <testcase name="getPrivateKey" classname="com.iotmars.util.RsaUtilsTest" time="0"/>
</testsuite>